Lucas de Oliveira Miranda gerou um relatorio às 12:09:56 2017-01-18
PERIODO: de 18/01/2017 até 18/01/2017
Status: todos
Regional: 10

Lucas de Oliveira Miranda gerou um relatorio às 12:10:00 2017-01-18
PERIODO: de 17/01/2017 até 18/01/2017
Status: todos
Regional: 10

Lucas de Oliveira Miranda gerou um relatorio às 12:10:01 2017-01-18
PERIODO: de 17/01/2017 até 18/01/2017
Status: todos
Regional: 10

Lucas de Oliveira Miranda gerou um relatorio às 12:10:03 2017-01-18
PERIODO: de 17/01/2017 até 18/01/2017
Status: todos
Regional: 6

Lucas de Oliveira Miranda gerou um relatorio às 12:10:39 2017-01-18
PERIODO: de 17/01/2017 até 18/01/2017
Status: todos
Regional: 6

Lucas de Oliveira Miranda gerou um relatorio às 12:10:48 2017-01-18
PERIODO: de 17/01/2017 até 18/01/2017
Status: todos
Regional: 6

Lucas de Oliveira Miranda gerou um relatorio às 12:11:03 2017-01-18
PERIODO: de 17/01/2017 até 18/01/2017
Status: todos
Regional: 6

Lucas de Oliveira Miranda gerou um relatorio às 12:11:05 2017-01-18
PERIODO: de 18/01/2017 até 18/01/2017
Status: todos
Regional: 1

Lucas de Oliveira Miranda gerou um relatorio às 12:12:51 2017-01-18
PERIODO: de 18/01/2017 até 18/01/2017
Status: todos
Regional: todos

Lucas de Oliveira Miranda gerou um relatorio às 12:12:56 2017-01-18
PERIODO: de 16/01/2017 até 18/01/2017
Status: todos
Regional: todos

Lucas de Oliveira Miranda gerou um relatorio às 12:13:09 2017-01-18
PERIODO: de 16/01/2017 até 18/01/2017
Status: todos
Regional: todos

Lucas de Oliveira Miranda gerou um relatorio às 12:13:53 2017-01-18
PERIODO: de 17/01/2017 até 18/01/2017
Status: todos
Regional: todos

Lucas de Oliveira Miranda gerou um relatorio às 12:13:59 2017-01-18
PERIODO: de 17/01/2017 até 18/01/2017
Status: todos
Regional: mp-spu-cta-fd

Lucas de Oliveira Miranda gerou um relatorio às 12:14:02 2017-01-18
PERIODO: de 17/01/2017 até 18/01/2017
Status: todos
Regional: mp-spu-ntl-fd

Dummy User gerou um relatorio às 12:14:33 2017-01-18
PERIODO: de 18/01/2017 até 18/01/2017
Status: todos
Regional: 5

Dummy User gerou um relatorio às 12:14:36 2017-01-18
PERIODO: de 14/01/2017 até 18/01/2017
Status: todos
Regional: 5

Dummy User gerou um relatorio às 12:14:40 2017-01-18
PERIODO: de 17/01/2017 até 18/01/2017
Status: todos
Regional: mp-samp-bva-fd

Dummy User gerou um relatorio às 12:14:48 2017-01-18
PERIODO: de 17/01/2017 até 18/01/2017
Status: todos
Regional: mp-samp-bva-fd

Dummy User gerou um relatorio às 12:14:48 2017-01-18
PERIODO: de 17/01/2017 até 18/01/2017
Status: todos
Regional: mp-samp-bva-fd

Dummy User gerou um relatorio às 12:15:19 2017-01-18
PERIODO: de 17/01/2017 até 18/01/2017
Status: todos
Regional: mp-samp-bva-fd

Dummy User gerou um relatorio às 12:15:48 2017-01-18
PERIODO: de 18/01/2017 até 18/01/2017
Status: todos
Regional: mp-spu-cba-fd

Dummy User gerou um relatorio às 12:15:51 2017-01-18
PERIODO: de 17/01/2017 até 18/01/2017
Status: todos
Regional: mp-spu-cba-fd

